[" 0.00 B"][" 0.00 B"][" 0.00 B"][" 0.00 B"][" 0.00 B"][2024-06-25 20:06:SS]: [" 0.00 B"][2024-06-25 20:06:SS]: [" 0.00 B"][2024-06-25 20:06:SS]: [" 0.00 B"][2024-06-25 20:06:4848]: [" 0.00 B"]
[2024-06-25 20:06:5151]: [" 0.00 B"]
[2024-06-25 20:06:5454]: [" 0.00 B"]
[2024-06-25 20:06:5757]: [" 0.00 B"]
[2024-06-25 20:06:000]: [" 0.00 B"]
[2024-06-25 20:06:969]: [" 0.00 B"]
[2024-06-25 20:06:953]: [" 0.00 B"]
[2024-06-25 20:06:957]: [" 0.00 B"]
[2024-06-25 20:06:958]: [" 0.00 B"]
[2024-06-25 20:06:949]: [" 0.00 B"]
[2024-06-25 20:06:961]: [" 0.00 B"]
[2024-06-25 20:06:032]: 2024-06-25 20:06:032 [ 'nnk-24h-live' ]
[2024-06-25 20:06:032]: ps: [" 0.00 B"]
[2024-06-25 20:06:988]: 2024-06-25 20:06:988 [ 'nnk-24h-live' ]
[2024-06-25 20:06:989]: ps: [" 0.00 B"]
[2024-06-25 20:06:000]: 2024-06-25 20:06:000 [ 'nnk-24h-live' ]
[2024-06-25 20:06:001]: ps: [" 0.00 B"]
[2024-06-25 20:06:997]: 2024-06-25 20:06:997 [ 'nnk-24h-live' ]
[2024-06-25 20:06:997]: ps: [" 0.00 B"]
[2024-06-25 20:06:994]: 2024-06-25 20:06:994 [ 'nnk-24h-live' ]
[2024-06-25 20:06:994]: ps: [" 0.00 B"]
[2024-06-25 20:06:000]: 2024-06-25 20:06:000 [ 'nnk-24h-live' ]
[2024-06-25 20:06:000]: ps: [" 0.00 B"]
[2024-06-25 20:06:449]: 2024-06-25 20:06:448 [ 'nnk-24h-live' ][2024-06-25 20:06:449]: ps: [" 0.00 B"][2024-06-25 20:06:431]: 2024-06-25 20:06:431 [ 'nnk-24h-live' ][2024-06-25 20:06:432]: ps: [" 0.00 B"][2024-06-25 20:06:461]: 2024-06-25 20:06:461 [ 'nnk-24h-live' ][2024-06-25 20:06:461]: ps: [" 0.00 B"][2024-06-25 20:06:456]: 2024-06-25 20:06:456 [ 'nnk-24h-live' ][2024-06-25 20:06:457]: ps: [" 0.00 B"][2024-06-25 20:06:458]: 2024-06-25 20:06:458 [ 'nnk-24h-live' ][2024-06-25 20:06:458]: ps: [" 0.00 B"][2024-06-25 20:06:634]: [ 'nnk-24h-live' ]
[2024-06-25 20:06:634]: ps: [" 0.00 B"]
[2024-06-25 20:06:600]: [ 'nnk-24h-live' ]
[2024-06-25 20:06:601]: ps: [" 0.00 B"]
[2024-06-25 20:06:602]: [ 'nnk-24h-live' ]
[2024-06-25 20:06:602]: ps: [" 0.00 B"]
[2024-06-25 20:06:612]: [ 'nnk-24h-live' ]
[2024-06-25 20:06:612]: ps: [" 0.00 B"]
[2024-06-25 20:06:606]: [ 'nnk-24h-live' ]
[2024-06-25 20:06:606]: ps: [" 0.00 B"]
[2024-06-25 20:06:616]: [ 'nnk-24h-live' ]
[2024-06-25 20:06:616]: ps: [" 0.00 B"]
[2024-06-25 20:06:615]: [ 'nnk-24h-live' ]
[2024-06-25 20:06:615]: ps: [" 0.00 B"]
2024-06-25 20:06:432: [ 'nnk-24h-live' ]
2024-06-25 20:06:432: ps: [" 0.00 B"]
2024-06-25 20:06:417: [ 'nnk-24h-live' ]
2024-06-25 20:06:418: ps: [" 0.00 B"]
2024-06-25 20:06:417: [ 'nnk-24h-live' ]
2024-06-25 20:06:417: ps: [" 0.00 B"]
2024-06-25 20:06:425: [ 'nnk-24h-live' ]
2024-06-25 20:06:425: ps: [" 0.00 B"]
